<?xml version="1.0" encoding="UTF-8"?>
<!-- Generated by org.testng.reporters.JUnitXMLReporter -->
<testsuite ignored="0" hostname="CYborG" failures="2" tests="5" name="Test" time="49.984" errors="0" timestamp="2024-12-09T14:32:50 IST">
  <testcase classname="framework.A_login2" name="AddToCart" time="11.149">
    <skipped/>
  </testcase> <!-- AddToCart -->
  <testcase classname="framework.A_login2" name="AddToCart" time="9.755">
    <failure type="java.lang.AssertionError" message="expected [THANKYOU FOR THE ORDER.] but found [Thankyou for the order.]">
      <![CDATA[java.lang.AssertionError: expected [THANKYOU FOR THE ORDER.] but found [Thankyou for the order.]
at framework.A_login2.AddToCart(A_login2.java:56)
at java.base/java.util.ArrayList.forEach(ArrayList.java:1596)
at java.base/java.util.concurrent.FutureTask.run(FutureTask.java:317)
at java.base/java.util.concurrent.ThreadPoolExecutor.runWorker(ThreadPoolExecutor.java:1144)
at java.base/java.util.concurrent.ThreadPoolExecutor$Worker.run(ThreadPoolExecutor.java:642)
at java.base/java.lang.Thread.run(Thread.java:1583)
... Removed 21 stack frames]]>
    </failure>
  </testcase> <!-- AddToCart -->
  <testcase classname="framework.A_login2" name="AddToCart" time="10.177">
    <skipped/>
  </testcase> <!-- AddToCart -->
  <testcase classname="framework.A_login2" name="AddToCart" time="9.384">
    <failure type="java.lang.AssertionError" message="expected [THANKYOU FOR THE ORDER.] but found [Thankyou for the order.]">
      <![CDATA[java.lang.AssertionError: expected [THANKYOU FOR THE ORDER.] but found [Thankyou for the order.]
at framework.A_login2.AddToCart(A_login2.java:56)
at java.base/java.util.ArrayList.forEach(ArrayList.java:1596)
at java.base/java.util.concurrent.FutureTask.run(FutureTask.java:317)
at java.base/java.util.concurrent.ThreadPoolExecutor.runWorker(ThreadPoolExecutor.java:1144)
at java.base/java.util.concurrent.ThreadPoolExecutor$Worker.run(ThreadPoolExecutor.java:642)
at java.base/java.lang.Thread.run(Thread.java:1583)
... Removed 21 stack frames]]>
    </failure>
  </testcase> <!-- AddToCart -->
  <testcase classname="framework.A_login2" name="Orders" time="0.0">
    <skipped/>
  </testcase> <!-- Orders -->
</testsuite> <!-- Test -->
