<?xml version="1.0" encoding="UTF-8"?>
<testsuite xmlns:xsi="http://www.w3.org/2001/XMLSchema-instance" xsi:noNamespaceSchemaLocation="https://maven.apache.org/surefire/maven-surefire-plugin/xsd/surefire-test-report.xsd" version="3.0.2" name="Cucumber.TestRunner" time="15.631" tests="1" errors="0" skipped="0" failures="0">
  <properties>
[...]
</properties>
  <testcase name="runScenario[&quot;Positive test of submiting the order&quot;, &quot;Purchase order from E-commerce website&quot;](1)" classname="Cucumber.TestRunner" time="14.051">
    <system-out><![CDATA[
@tag @Regression
Scenario Outline: Positive test of submiting the order                # src/test/java/Cucumber/SubmitOrder.feature:46
  Given I landed on loging page                                       # saurabhjaggi.stepdefination.Stepdefination.I_landed_on_loging_page()
  Given I logged in with username qua@gmail.com and password Qa@12345 # saurabhjaggi.stepdefination.Stepdefination.I_logged_in_with_username_and_password(java.lang.String,java.lang.String)
  When I added following product to cart                              # saurabhjaggi.stepdefination.Stepdefination.I_added_product_to_cart(java.util.List<java.lang.String>)
    | productname     |
    | ADIDAS ORIGINAL |
  And checkout the product and submit the order                       # saurabhjaggi.stepdefination.Stepdefination.checkout_the_product_and_submit_the_order(java.util.List<java.lang.String>)
    | productname     |
    | ADIDAS ORIGINAL |
THANKYOU FOR THE ORDER.
  Then "Thankyou for the order." is displayed on confirmation page    # saurabhjaggi.stepdefination.Stepdefination.confirmation_msg_is_displayed(java.lang.String)
]]></system-out>
  </testcase>
</testsuite>